0 info it worked if it ends with ok
1 verbose cli [ 'node', '/usr/local/bin/npm', 'install' ]
2 info using npm@1.2.11
3 info using node@v0.8.21
4 verbose read json /Users/Flo/Documents/WebProjects/NodeCustomBoilerplate2/package.json
5 verbose readDependencies using package.json deps
6 verbose install where, deps [ '/Users/Flo/Documents/WebProjects/NodeCustomBoilerplate2',
6 verbose install   [ 'connect',
6 verbose install     'express',
6 verbose install     'jade',
6 verbose install     'mongoose',
6 verbose install     'socket.io',
6 verbose install     'vows',
6 verbose install     'mocha',
6 verbose install     'should' ] ]
7 verbose from cache /Users/Flo/Documents/WebProjects/NodeCustomBoilerplate2/package.json
8 info preinstall YOUR-PROJECT-NAME-HERE@0.0.1
9 verbose from cache /Users/Flo/Documents/WebProjects/NodeCustomBoilerplate2/package.json
10 verbose readDependencies using package.json deps
11 verbose cache add [ 'connect@1.8.5', null ]
12 verbose cache add name=undefined spec="connect@1.8.5" args=["connect@1.8.5",null]
13 verbose parsed url { pathname: 'connect@1.8.5',
13 verbose parsed url   path: 'connect@1.8.5',
13 verbose parsed url   href: 'connect@1.8.5' }
14 verbose cache add name="connect" spec="1.8.5" args=["connect","1.8.5"]
15 verbose parsed url { pathname: '1.8.5', path: '1.8.5', href: '1.8.5' }
16 verbose addNamed [ 'connect', '1.8.5' ]
17 verbose addNamed [ '1.8.5', '1.8.5' ]
18 verbose cache add [ 'express@2.5.2', null ]
19 verbose cache add name=undefined spec="express@2.5.2" args=["express@2.5.2",null]
20 verbose parsed url { pathname: 'express@2.5.2',
20 verbose parsed url   path: 'express@2.5.2',
20 verbose parsed url   href: 'express@2.5.2' }
21 verbose cache add name="express" spec="2.5.2" args=["express","2.5.2"]
22 verbose parsed url { pathname: '2.5.2', path: '2.5.2', href: '2.5.2' }
23 verbose addNamed [ 'express', '2.5.2' ]
24 verbose addNamed [ '2.5.2', '2.5.2' ]
25 silly lockFile dce4616f-connect-1-8-5 connect@1.8.5
26 verbose lock connect@1.8.5 /Users/Flo/.npm/dce4616f-connect-1-8-5.lock
27 silly lockFile 5dd4d70a-express-2-5-2 express@2.5.2
28 verbose lock express@2.5.2 /Users/Flo/.npm/5dd4d70a-express-2-5-2.lock
29 verbose cache add [ 'jade@0.20.0', null ]
30 verbose cache add name=undefined spec="jade@0.20.0" args=["jade@0.20.0",null]
31 verbose parsed url { pathname: 'jade@0.20.0',
31 verbose parsed url   path: 'jade@0.20.0',
31 verbose parsed url   href: 'jade@0.20.0' }
32 verbose cache add name="jade" spec="0.20.0" args=["jade","0.20.0"]
33 verbose parsed url { pathname: '0.20.0', path: '0.20.0', href: '0.20.0' }
34 verbose addNamed [ 'jade', '0.20.0' ]
35 verbose addNamed [ '0.20.0', '0.20.0' ]
36 silly lockFile a24c3910-jade-0-20-0 jade@0.20.0
37 verbose lock jade@0.20.0 /Users/Flo/.npm/a24c3910-jade-0-20-0.lock
38 verbose cache add [ 'mongoose@2.4.8', null ]
39 verbose cache add name=undefined spec="mongoose@2.4.8" args=["mongoose@2.4.8",null]
40 verbose parsed url { pathname: 'mongoose@2.4.8',
40 verbose parsed url   path: 'mongoose@2.4.8',
40 verbose parsed url   href: 'mongoose@2.4.8' }
41 verbose cache add name="mongoose" spec="2.4.8" args=["mongoose","2.4.8"]
42 verbose parsed url { pathname: '2.4.8', path: '2.4.8', href: '2.4.8' }
43 verbose addNamed [ 'mongoose', '2.4.8' ]
44 verbose addNamed [ '2.4.8', '2.4.8' ]
45 silly lockFile f329261c-mongoose-2-4-8 mongoose@2.4.8
46 verbose lock mongoose@2.4.8 /Users/Flo/.npm/f329261c-mongoose-2-4-8.lock
47 silly lockFile dce4616f-connect-1-8-5 connect@1.8.5
48 silly lockFile 5dd4d70a-express-2-5-2 express@2.5.2
49 silly lockFile a24c3910-jade-0-20-0 jade@0.20.0
50 silly lockFile f329261c-mongoose-2-4-8 mongoose@2.4.8
51 error Error: EACCES, open '/Users/Flo/.npm/dce4616f-connect-1-8-5.lock'
51 error  { [Error: EACCES, open '/Users/Flo/.npm/dce4616f-connect-1-8-5.lock']
51 error   errno: 3,
51 error   code: 'EACCES',
51 error   path: '/Users/Flo/.npm/dce4616f-connect-1-8-5.lock' }
52 error Please try running this command again as root/Administrator.
53 error System Darwin 12.4.0
54 error command "node" "/usr/local/bin/npm" "install"
55 error cwd /Users/Flo/Documents/WebProjects/NodeCustomBoilerplate2
56 error node -v v0.8.21
57 error npm -v 1.2.11
58 error path /Users/Flo/.npm/dce4616f-connect-1-8-5.lock
59 error code EACCES
60 error errno 3
61 error stack Error: EACCES, open '/Users/Flo/.npm/dce4616f-connect-1-8-5.lock'
62 verbose exit [ 3, true ]
